# JRE version: Java(TM) SE Runtime Environment (8.0_91-b14) (build 1.8.0_91-b14)
# Java VM: Java HotSpot(TM) 64-Bit Server VM (25.91-b14 mixed mode linux-amd64 compressed oops)
Heap:
 PSYoungGen      total 134656K, used 35451K [0x00000000d7780000, 0x00000000e0680000, 0x0000000100000000)
  eden space 124416K, 28% used [0x00000000d7780000,0x00000000d9a1eca0,0x00000000df100000)
  from space 10240K, 0% used [0x00000000dfb80000,0x00000000dfb80000,0x00000000e0580000)
  to   space 10752K, 0% used [0x00000000df100000,0x00000000df100000,0x00000000dfb80000)
 ParOldGen       total 64000K, used 12533K [0x0000000086600000, 0x000000008a480000, 0x00000000d7780000)
  object space 64000K, 19% used [0x0000000086600000,0x000000008723d5d8,0x000000008a480000)
 Metaspace       used 25259K, capacity 25694K, committed 25856K, reserved 1071104K
  class space    used 3128K, capacity 3268K, committed 3328K, reserved 1048576K
GC Heap History (10 events):
Event: 7,487 GC heap before
{Heap before GC invocations=3 (full 0):
 PSYoungGen      total 36352K, used 36347K [0x00000000d7780000, 0x00000000dbe80000, 0x0000000100000000)
  eden space 31232K, 100% used [0x00000000d7780000,0x00000000d9600000,0x00000000d9600000)
  from space 5120K, 99% used [0x00000000db980000,0x00000000dbe7eff0,0x00000000dbe80000)
  to   space 5120K, 0% used [0x00000000d9600000,0x00000000d9600000,0x00000000d9b00000)
 ParOldGen       total 83456K, used 1580K [0x0000000086600000, 0x000000008b780000, 0x00000000d7780000)
  object space 83456K, 1% used [0x0000000086600000,0x000000008678b148,0x000000008b780000)
 Metaspace       used 13528K, capacity 13804K, committed 14080K, reserved 1060864K
  class space    used 1621K, capacity 1719K, committed 1792K, reserved 1048576K
Event: 7,522 GC heap after
Heap after GC invocations=3 (full 0):
 PSYoungGen      total 36352K, used 5120K [0x00000000d7780000, 0x00000000dbe80000, 0x0000000100000000)
  eden space 31232K, 0% used [0x00000000d7780000,0x00000000d7780000,0x00000000d9600000)
  from space 5120K, 100% used [0x00000000d9600000,0x00000000d9b00000,0x00000000d9b00000)
  to   space 5120K, 0% used [0x00000000db980000,0x00000000db980000,0x00000000dbe80000)
 ParOldGen       total 83456K, used 2358K [0x0000000086600000, 0x000000008b780000, 0x00000000d7780000)
  object space 83456K, 2% used [0x0000000086600000,0x000000008684d9a8,0x000000008b780000)
 Metaspace       used 13528K, capacity 13804K, committed 14080K, reserved 1060864K
  class space    used 1621K, capacity 1719K, committed 1792K, reserved 1048576K
}
Event: 8,707 GC heap before
{Heap before GC invocations=4 (full 0):
 PSYoungGen      total 36352K, used 36352K [0x00000000d7780000, 0x00000000dbe80000, 0x0000000100000000)
  eden space 31232K, 100% used [0x00000000d7780000,0x00000000d9600000,0x00000000d9600000)
  from space 5120K, 100% used [0x00000000d9600000,0x00000000d9b00000,0x00000000d9b00000)
  to   space 5120K, 0% used [0x00000000db980000,0x00000000db980000,0x00000000dbe80000)
 ParOldGen       total 83456K, used 2358K [0x0000000086600000, 0x000000008b780000, 0x00000000d7780000)
  object space 83456K, 2% used [0x0000000086600000,0x000000008684d9a8,0x000000008b780000)
 Metaspace       used 13597K, capacity 13874K, committed 14080K, reserved 1060864K
  class space    used 1621K, capacity 1720K, committed 1792K, reserved 1048576K
Event: 8,747 GC heap after
Heap after GC invocations=4 (full 0):
 PSYoungGen      total 67584K, used 5104K [0x00000000d7780000, 0x00000000dbe80000, 0x0000000100000000)
  eden space 62464K, 0% used [0x00000000d7780000,0x00000000d7780000,0x00000000db480000)
  from space 5120K, 99% used [0x00000000db980000,0x00000000dbe7c010,0x00000000dbe80000)
  to   space 5120K, 0% used [0x00000000db480000,0x00000000db480000,0x00000000db980000)
 ParOldGen       total 83456K, used 3582K [0x0000000086600000, 0x000000008b780000, 0x00000000d7780000)
  object space 83456K, 4% used [0x0000000086600000,0x000000008697f9a8,0x000000008b780000)
 Metaspace       used 13597K, capacity 13874K, committed 14080K, reserved 1060864K
  class space    used 1621K, capacity 1720K, committed 1792K, reserved 1048576K
}
Event: 13,110 GC heap before
{Heap before GC invocations=5 (full 0):
 PSYoungGen      total 67584K, used 67568K [0x00000000d7780000, 0x00000000dbe80000, 0x0000000100000000)
  eden space 62464K, 100% used [0x00000000d7780000,0x00000000db480000,0x00000000db480000)
  from space 5120K, 99% used [0x00000000db980000,0x00000000dbe7c010,0x00000000dbe80000)
  to   space 5120K, 0% used [0x00000000db480000,0x00000000db480000,0x00000000db980000)
 ParOldGen       total 83456K, used 3582K [0x0000000086600000, 0x000000008b780000, 0x00000000d7780000)
  object space 83456K, 4% used [0x0000000086600000,0x000000008697f9a8,0x000000008b780000)
 Metaspace       used 17395K, capacity 17800K, committed 17920K, reserved 1064960K
  class space    used 2128K, capacity 2283K, committed 2304K, reserved 1048576K
Event: 13,161 GC heap after
Heap after GC invocations=5 (full 0):
 PSYoungGen      total 67584K, used 5088K [0x00000000d7780000, 0x00000000e0580000, 0x0000000100000000)
  eden space 62464K, 0% used [0x00000000d7780000,0x00000000d7780000,0x00000000db480000)
  from space 5120K, 99% used [0x00000000db480000,0x00000000db978040,0x00000000db980000)
  to   space 10240K, 0% used [0x00000000dfb80000,0x00000000dfb80000,0x00000000e0580000)
 ParOldGen       total 83456K, used 8384K [0x0000000086600000, 0x000000008b780000, 0x00000000d7780000)
  object space 83456K, 10% used [0x0000000086600000,0x0000000086e301f8,0x000000008b780000)
 Metaspace       used 17395K, capacity 17800K, committed 17920K, reserved 1064960K
  class space    used 2128K, capacity 2283K, committed 2304K, reserved 1048576K
}
Event: 15,987 GC heap before
{Heap before GC invocations=6 (full 0):
 PSYoungGen      total 67584K, used 32433K [0x00000000d7780000, 0x00000000e0580000, 0x0000000100000000)
  eden space 62464K, 43% used [0x00000000d7780000,0x00000000d92343e8,0x00000000db480000)
  from space 5120K, 99% used [0x00000000db480000,0x00000000db978040,0x00000000db980000)
  to   space 10240K, 0% used [0x00000000dfb80000,0x00000000dfb80000,0x00000000e0580000)
 ParOldGen       total 83456K, used 8384K [0x0000000086600000, 0x000000008b780000, 0x00000000d7780000)
  object space 83456K, 10% used [0x0000000086600000,0x0000000086e301f8,0x000000008b780000)
 Metaspace       used 20750K, capacity 21114K, committed 21296K, reserved 1069056K
  class space    used 2506K, capacity 2638K, committed 2688K, reserved 1048576K
Event: 16,088 GC heap after
Heap after GC invocations=6 (full 0):
 PSYoungGen      total 134656K, used 8819K [0x00000000d7780000, 0x00000000e0680000, 0x0000000100000000)
  eden space 124416K, 0% used [0x00000000d7780000,0x00000000d7780000,0x00000000df100000)
  from space 10240K, 86% used [0x00000000dfb80000,0x00000000e041cf30,0x00000000e0580000)
  to   space 10752K, 0% used [0x00000000df100000,0x00000000df100000,0x00000000dfb80000)
 ParOldGen       total 83456K, used 8392K [0x0000000086600000, 0x000000008b780000, 0x00000000d7780000)
  object space 83456K, 10% used [0x0000000086600000,0x0000000086e321f8,0x000000008b780000)
 Metaspace       used 20750K, capacity 21114K, committed 21296K, reserved 1069056K
  class space    used 2506K, capacity 2638K, committed 2688K, reserved 1048576K
}
Event: 16,088 GC heap before
{Heap before GC invocations=7 (full 1):
 PSYoungGen      total 134656K, used 8819K [0x00000000d7780000, 0x00000000e0680000, 0x0000000100000000)
  eden space 124416K, 0% used [0x00000000d7780000,0x00000000d7780000,0x00000000df100000)
  from space 10240K, 86% used [0x00000000dfb80000,0x00000000e041cf30,0x00000000e0580000)
  to   space 10752K, 0% used [0x00000000df100000,0x00000000df100000,0x00000000dfb80000)
 ParOldGen       total 83456K, used 8392K [0x0000000086600000, 0x000000008b780000, 0x00000000d7780000)
  object space 83456K, 10% used [0x0000000086600000,0x0000000086e321f8,0x000000008b780000)
 Metaspace       used 20750K, capacity 21114K, committed 21296K, reserved 1069056K
  class space    used 2506K, capacity 2638K, committed 2688K, reserved 1048576K
Event: 16,403 GC heap after
Heap after GC invocations=7 (full 1):
 PSYoungGen      total 134656K, used 0K [0x00000000d7780000, 0x00000000e0680000, 0x0000000100000000)
  eden space 124416K, 0% used [0x00000000d7780000,0x00000000d7780000,0x00000000df100000)
  from space 10240K, 0% used [0x00000000dfb80000,0x00000000dfb80000,0x00000000e0580000)
  to   space 10752K, 0% used [0x00000000df100000,0x00000000df100000,0x00000000dfb80000)
 ParOldGen       total 64000K, used 12533K [0x0000000086600000, 0x000000008a480000, 0x00000000d7780000)
  object space 64000K, 19% used [0x0000000086600000,0x000000008723d5d8,0x000000008a480000)
 Metaspace       used 20750K, capacity 21114K, committed 21296K, reserved 1069056K
  class space    used 2506K, capacity 2638K, committed 2688K, reserved 1048576K
}

